Parse Tree:
program_all
  program
  var_declaration
  ;
  vars
    var
    var_declaration_single
      x
      :
      type_int
      ;
    var_declaration_multiple
      y
      ,
      z
      :
      type_float
      ;
  funcs_all
    void
    sum
    (
    params_multiple
      a
      :
      type_int
      ,
      b
      :
      type_float
    )
    [
    vars
      var
      var_declaration_single
        c
        :
        type_int
        ;
    body_block
      {
      statement_assign
        assign
          c
          =
          expression_simple
            exp_simple
              term_simple
                factor_cte
                  int	4
          ;
      statement_print
        print_multiple
          print
          (
          print_string	"The sum is: "
          ,
          print_expression
            expression_simple
              exp_compound
                term_simple
                  factor_id	a
                +
                term_simple
                  factor_id	b
                +
                term_simple
                  factor_id	c
          )
          ;
      }
    ]
    ;
  main
  body_block
    {
    statement_assign
      assign
        x
        =
        expression_simple
          exp_simple
            term_simple
              factor_cte
                int	5
        ;
    statement_assign
      assign
        y
        =
        expression_simple
          exp_simple
            term_simple
              factor_cte
                float	3.14
        ;
    statement_f_call
      f_call_with_args
        sum
        (
        arguments_multiple
          expression_simple
            exp_simple
              term_simple
                factor_id	x
          ,
          expression_simple
            exp_simple
              term_simple
                factor_id	y
        )
        ;
    statement_f_call
      f_call_with_args
        sum
        (
        arguments_multiple
          expression_simple
            exp_simple
              term_simple
                factor_id	y
          ,
          expression_simple
            exp_simple
              term_simple
                factor_id	x
        )
        ;
    statement_f_call
      f_call_with_args
        sum
        (
        arguments_multiple
          expression_simple
            exp_simple
              term_simple
                factor_cte
                  int	4
          ,
          expression_simple
            exp_simple
              term_simple
                factor_cte
                  int	3
        )
        ;
    }
  end

IR:
Program(id='var_declaration', vars=Vars(declarations=(VarDeclaration(type_='int', names=['x']), VarDeclaration(type_='float', names=['y', 'z']))), funcs=(Function(return_type=Token('VOID', 'void'), id='sum', params=[Param(name='a', type_='int'), Param(name='b', type_='float')], vars=Vars(declarations=(VarDeclaration(type_='int', names=['c']),)), body=Body(statements=(Assign(id='c', expr=Expression(left_expr=Exp(left_term=Term(left_factor=Factor(value=4, sign='+'), operations=[]), operations=[]), op=None, right_expr=None)), Print(contents=['The sum is: ', Expression(left_expr=Exp(left_term=Term(left_factor=Factor(value='a', sign='+'), operations=[]), operations=[(<Operations.PLUS: 1>, Term(left_factor=Factor(value='b', sign='+'), operations=[])), (<Operations.PLUS: 1>, Term(left_factor=Factor(value='c', sign='+'), operations=[]))]), op=None, right_expr=None)])))),), body=Body(statements=(Assign(id='x', expr=Expression(left_expr=Exp(left_term=Term(left_factor=Factor(value=5, sign='+'), operations=[]), operations=[]), op=None, right_expr=None)), Assign(id='y', expr=Expression(left_expr=Exp(left_term=Term(left_factor=Factor(value=3.14, sign='+'), operations=[]), operations=[]), op=None, right_expr=None)), FCall(id='sum', args=[Expression(left_expr=Exp(left_term=Term(left_factor=Factor(value='x', sign='+'), operations=[]), operations=[]), op=None, right_expr=None), Expression(left_expr=Exp(left_term=Term(left_factor=Factor(value='y', sign='+'), operations=[]), operations=[]), op=None, right_expr=None)]), FCall(id='sum', args=[Expression(left_expr=Exp(left_term=Term(left_factor=Factor(value='y', sign='+'), operations=[]), operations=[]), op=None, right_expr=None), Expression(left_expr=Exp(left_term=Term(left_factor=Factor(value='x', sign='+'), operations=[]), operations=[]), op=None, right_expr=None)]), FCall(id='sum', args=[Expression(left_expr=Exp(left_term=Term(left_factor=Factor(value=4, sign='+'), operations=[]), operations=[]), op=None, right_expr=None), Expression(left_expr=Exp(left_term=Term(left_factor=Factor(value=3, sign='+'), operations=[]), operations=[]), op=None, right_expr=None)]))))

Symbol Table:
Scope: global
  x: int = None
  y: float = None
  z: float = None
Scope: sum
  a: int = None
  b: float = None
  c: int = None
  Param: a: int = None
  Param: b: float = None


Quads:
8 1000 None None
8 2000 None None
8 2001 None None
8 3002 None None
8 3002 7000 None
9 7001 None None
1 3000 4001 6000
1 6000 3002 6001
9 6001 None None
8 1000 7002 None
8 2000 7003 None
--------
Operations.ASSIGN x
Operations.ASSIGN y
Operations.ASSIGN z
Operations.ASSIGN c
Operations.ASSIGN c 4
Operations.PRINT The sum is: 
Operations.PLUS a b tf0
Operations.PLUS tf0 c tf1
Operations.PRINT tf1
Operations.ASSIGN x 5
Operations.ASSIGN y 3.14

